#
# There is insufficient memory for the Java Runtime Environment to continue.
# Native memory allocation (malloc) failed to allocate 32744 bytes for ChunkPool::allocate
# Possible reasons:
#   The system is out of physical RAM or swap space
#   The process is running with CompressedOops enabled, and the Java Heap may be blocking the growth of the native heap
# Possible solutions:
#   Reduce memory load on the system
#   Increase physical memory or swap space
#   Check if swap backing store is full
#   Decrease Java heap size (-Xmx/-Xms)
#   Decrease number of Java threads
#   Decrease Java thread stack sizes (-Xss)
#   Set larger code cache with -XX:ReservedCodeCacheSize=
#   JVM is running with Zero Based Compressed Oops mode in which the Java heap is
#     placed in the first 32GB address space. The Java Heap base address is the
#     maximum limit for the native heap growth. Please use -XX:HeapBaseMinAddress
#     to set the Java Heap base and to place the Java Heap above 32GB virtual address.
# This output file may be truncated or incomplete.
#
#  Out of Memory Error (allocation.cpp:272), pid=2936, tid=0x00000000000044e4
#
# JRE version: Java(TM) SE Runtime Environment (8.0_261-b12) (build 1.8.0_261-b12)
# Java VM: Java HotSpot(TM) 64-Bit Server VM (25.261-b12 mixed mode windows-amd64 compressed oops)
# Failed to write core dump. Minidumps are not enabled by default on client versions of Windows
#

---------------  T H R E A D  ---------------

Current thread (0x000001d9a1613800):  JavaThread "C2 CompilerThread0" daemon [_thread_in_native, id=17636, stack(0x000000109a800000,0x000000109a900000)]

Stack: [0x000000109a800000,0x000000109a900000]
Native frames: (J=compiled Java code, j=interpreted, Vv=VM code, C=native code)
V  [jvm.dll+0x33e5f9]


Current CompileTask:
C2:5436043 2742       4       org.apache.rocketmq.logging.InnerLoggerFactory$MessageFormatter::arrayFormat (294 bytes)


---------------  P R O C E S S  ---------------

Java Threads: ( => current thread )
  0x000001d9a17bf000 JavaThread "ConsumeMessageThread_20" [_thread_blocked, id=256, stack(0x000000109d700000,0x000000109d800000)]
  0x000001d9a1c18800 JavaThread "ConsumeMessageThread_19" [_thread_blocked, id=18044, stack(0x000000109d600000,0x000000109d700000)]
  0x000001d9a1c17800 JavaThread "ConsumeMessageThread_18" [_thread_blocked, id=16512, stack(0x000000109d500000,0x000000109d600000)]
  0x000001d9a1c17000 JavaThread "ConsumeMessageThread_17" [_thread_blocked, id=10260, stack(0x000000109d400000,0x000000109d500000)]
  0x000001d9a1c19000 JavaThread "ConsumeMessageThread_16" [_thread_blocked, id=14668, stack(0x000000109d300000,0x000000109d400000)]
  0x000001d9a1c16000 JavaThread "ConsumeMessageThread_15" [_thread_blocked, id=16740, stack(0x000000109d200000,0x000000109d300000)]
  0x000001d9a1c15800 JavaThread "ConsumeMessageThread_14" [_thread_blocked, id=12252, stack(0x000000109d100000,0x000000109d200000)]
  0x000001d9a1c1a000 JavaThread "ConsumeMessageThread_13" [_thread_blocked, id=10612, stack(0x000000109d000000,0x000000109d100000)]
  0x000001d9a1c0e000 JavaThread "ConsumeMessageThread_12" [_thread_blocked, id=15300, stack(0x000000109cf00000,0x000000109d000000)]
  0x000001d9a1c14800 JavaThread "ConsumeMessageThread_11" [_thread_blocked, id=17928, stack(0x000000109ce00000,0x000000109cf00000)]
  0x000001d9a1c14000 JavaThread "ConsumeMessageThread_10" [_thread_blocked, id=13864, stack(0x000000109cd00000,0x000000109ce00000)]
  0x000001d9a1c13000 JavaThread "ConsumeMessageThread_9" [_thread_blocked, id=11840, stack(0x000000109cc00000,0x000000109cd00000)]
  0x000001d9a1c12800 JavaThread "ConsumeMessageThread_8" [_thread_blocked, id=11372, stack(0x000000109cb00000,0x000000109cc00000)]
  0x000001d9a1c0b000 JavaThread "ConsumeMessageThread_7" [_thread_blocked, id=8216, stack(0x000000109ca00000,0x000000109cb00000)]
  0x000001d9a1c11000 JavaThread "ConsumeMessageThread_6" [_thread_blocked, id=12836, stack(0x000000109c900000,0x000000109ca00000)]
  0x000001d9a1c0d000 JavaThread "ConsumeMessageThread_5" [_thread_blocked, id=11996, stack(0x000000109c800000,0x000000109c900000)]
  0x000001d9a1c0e800 JavaThread "ConsumeMessageThread_4" [_thread_blocked, id=5920, stack(0x000000109c700000,0x000000109c800000)]
  0x000001d9a1c0b800 JavaThread "ConsumeMessageThread_3" [_thread_blocked, id=3816, stack(0x000000109c600000,0x000000109c700000)]
  0x000001d9a1c10000 JavaThread "NettyClientPublicExecutor_8" [_thread_blocked, id=13176, stack(0x000000109c500000,0x000000109c600000)]
  0x000001d9a1c0c800 JavaThread "ConsumeMessageThread_2" [_thread_blocked, id=17976, stack(0x000000109c400000,0x000000109c500000)]
  0x000001d9a1c11800 JavaThread "ConsumeMessageThread_1" [_thread_blocked, id=7836, stack(0x000000109c300000,0x000000109c400000)]
  0x000001d9a1c0f800 JavaThread "NettyClientPublicExecutor_7" [_thread_blocked, id=11572, stack(0x000000109c200000,0x000000109c300000)]
  0x000001d9a1379800 JavaThread "NettyClientPublicExecutor_6" [_thread_blocked, id=15040, stack(0x000000109c100000,0x000000109c200000)]
  0x000001d9a1378800 JavaThread "NettyClientPublicExecutor_5" [_thread_blocked, id=17136, stack(0x000000109c000000,0x000000109c100000)]
  0x000001d9a1377000 JavaThread "NettyClientPublicExecutor_4" [_thread_blocked, id=17936, stack(0x000000109bf00000,0x000000109c000000)]
  0x000001d9a137b000 JavaThread "NettyClientPublicExecutor_3" [_thread_blocked, id=17032, stack(0x000000109be00000,0x000000109bf00000)]
  0x000001d9a137b800 JavaThread "PullMessageServiceScheduledThread" [_thread_blocked, id=13424, stack(0x000000109bd00000,0x000000109be00000)]
  0x000001d9a137a000 JavaThread "NettyClientPublicExecutor_2" [_thread_blocked, id=16944, stack(0x000000109bc00000,0x000000109bd00000)]
  0x000001d9a1376800 JavaThread "DestroyJavaVM" [_thread_blocked, id=6472, stack(0x0000001099700000,0x0000001099800000)]
  0x000001d9a137d000 JavaThread "NettyClientPublicExecutor_1" [_thread_blocked, id=2444, stack(0x000000109bb00000,0x000000109bc00000)]
  0x000001d9a1378000 JavaThread "NettyClientWorkerThread_2" [_thread_blocked, id=18300, stack(0x000000109ba00000,0x000000109bb00000)]
  0x000001d9a2145000 JavaThread "NettyClientWorkerThread_1" [_thread_blocked, id=13396, stack(0x000000109b800000,0x000000109b900000)]
  0x000001d9a20b2800 JavaThread "NettyClientSelector_1" [_thread_in_native, id=13936, stack(0x000000109b700000,0x000000109b800000)]
  0x000001d9a21b9000 JavaThread "RebalanceService" [_thread_blocked, id=13268, stack(0x000000109b600000,0x000000109b700000)]
  0x000001d9a21b6800 JavaThread "PullMessageService" [_thread_blocked, id=14732, stack(0x000000109b500000,0x000000109b600000)]
  0x000001d9a20a3800 JavaThread "AsyncAppender-Dispatcher-Thread-4" daemon [_thread_blocked, id=18128, stack(0x000000109b400000,0x000000109b500000)]
  0x000001d9a219f800 JavaThread "CleanExpireMsgScheduledThread_1" [_thread_blocked, id=2004, stack(0x000000109b300000,0x000000109b400000)]
  0x000001d9a21ab000 JavaThread "MQClientFactoryScheduledThread" [_thread_blocked, id=18112, stack(0x000000109b200000,0x000000109b300000)]
  0x000001d9a218b800 JavaThread "RequestHouseKeepingService" daemon [_thread_blocked, id=5124, stack(0x000000109b100000,0x000000109b200000)]
  0x000001d9a2195800 JavaThread "AsyncAppender-Dispatcher-Thread-2" daemon [_thread_blocked, id=15340, stack(0x000000109b000000,0x000000109b100000)]
  0x000001d9a1949800 JavaThread "ClientHouseKeepingService" daemon [_thread_blocked, id=4536, stack(0x000000109af00000,0x000000109b000000)]
  0x000001d9a1af3000 JavaThread "AsyncAppender-Dispatcher-Thread-0" daemon [_thread_blocked, id=13804, stack(0x000000109ae00000,0x000000109af00000)]
  0x000001d9a16c1800 JavaThread "Service Thread" daemon [_thread_blocked, id=608, stack(0x000000109ac00000,0x000000109ad00000)]
  0x000001d9a1635800 JavaThread "C1 CompilerThread3" daemon [_thread_blocked, id=17756, stack(0x000000109ab00000,0x000000109ac00000)]
  0x000001d9a1634800 JavaThread "C2 CompilerThread2" daemon [_thread_blocked, id=14696, stack(0x000000109aa00000,0x000000109ab00000)]
  0x000001d9a162c000 JavaThread "C2 CompilerThread1" daemon [_thread_blocked, id=4744, stack(0x000000109a900000,0x000000109aa00000)]
=>0x000001d9a1613800 JavaThread "C2 CompilerThread0" daemon [_thread_in_native, id=17636, stack(0x000000109a800000,0x000000109a900000)]
  0x000001d9a137c800 JavaThread "JDWP Command Reader" daemon [_thread_in_native, id=14492, stack(0x000000109a700000,0x000000109a800000)]
  0x000001d9a1375800 JavaThread "JDWP Event Helper Thread" daemon [_thread_blocked, id=17380, stack(0x000000109a600000,0x000000109a700000)]
  0x000001d99f68b000 JavaThread "JDWP Transport Listener: dt_socket" daemon [_thread_blocked, id=1388, stack(0x000000109a500000,0x000000109a600000)]
  0x000001d99f677000 JavaThread "Attach Listener" daemon [_thread_blocked, id=15088, stack(0x000000109a400000,0x000000109a500000)]
  0x000001d99f676000 JavaThread "Signal Dispatcher" daemon [_thread_blocked, id=10496, stack(0x000000109a300000,0x000000109a400000)]
  0x000001d99f5ef000 JavaThread "Finalizer" daemon [_thread_blocked, id=15660, stack(0x000000109a200000,0x000000109a300000)]
  0x000001d99f5e6800 JavaThread "Reference Handler" daemon [_thread_blocked, id=14596, stack(0x000000109a100000,0x000000109a200000)]

Other Threads:
  0x000001d99f5ba000 VMThread [stack: 0x000000109a000000,0x000000109a100000] [id=17820]
  0x000001d9a172f800 WatcherThread [stack: 0x000000109ad00000,0x000000109ae00000] [id=10944]

VM state:not at safepoint (normal execution)

VM Mutex/Monitor currently owned by a thread: None

heap address: 0x00000006c1c00000, size: 4068 MB, Compressed Oops mode: Zero based, Oop shift amount: 3
Narrow klass base: 0x0000000000000000, Narrow klass shift: 3
Compressed class space size: 1073741824 Address: 0x00000007c0000000

Heap:
 PSYoungGen      total 76288K, used 47236K [0x000000076b400000, 0x0000000770900000, 0x00000007c0000000)
  eden space 65536K, 58% used [0x000000076b400000,0x000000076d97b138,0x000000076f400000)
  from space 10752K, 82% used [0x000000076fe80000,0x0000000770726050,0x0000000770900000)
  to   space 10752K, 0% used [0x000000076f400000,0x000000076f400000,0x000000076fe80000)
 ParOldGen       total 175104K, used 40K [0x00000006c1c00000, 0x00000006cc700000, 0x000000076b400000)
  object space 175104K, 0% used [0x00000006c1c00000,0x00000006c1c0a000,0x00000006cc700000)
 Metaspace       used 15052K, capacity 15266K, committed 15488K, reserved 1062912K
  class space    used 1544K, capacity 1571K, committed 1664K, reserved 1048576K

Card table byte_map: [0x000001d995720000,0x000001d995f20000] byte_map_base: 0x000001d992112000

Marking Bits: (ParMarkBitMap*) 0x000000005a444fb0
 Begin Bits: [0x000001d996470000, 0x000001d99a400000)
 End Bits:   [0x000001d99a400000, 0x000001d99e390000)

Polling page: 0x000001d984a80000

CodeCache: size=245760Kb used=9100Kb max_used=9116Kb free=236659Kb
 bounds [0x000001d986360000, 0x000001d986c60000, 0x000001d995360000]
 total_blobs=2887 nmethods=2470 adapters=337
 compilation: enabled

Compilation events (10 events):
Event: 5415.987 Thread 0x000001d9a1634800 2738       4       io.netty.handler.timeout.IdleStateHandler::write (54 bytes)
Event: 5415.988 Thread 0x000001d9a1613800 2739       4       com.alibaba.fastjson.serializer.ASMSerializer_1_RemotingCommand::write (849 bytes)
Event: 5415.992 Thread 0x000001d9a1634800 nmethod 2738 0x000001d986592090 code [0x000001d986592200, 0x000001d986592458]
Event: 5415.992 Thread 0x000001d9a1634800 2740       4       org.apache.rocketmq.remoting.protocol.RemotingCommand::markProtocolType (46 bytes)
Event: 5415.994 Thread 0x000001d9a1634800 nmethod 2740 0x000001d98675fc50 code [0x000001d98675fda0, 0x000001d98675feb8]
Event: 5415.997 Thread 0x000001d9a162c000 nmethod 2737 0x000001d98657c490 code [0x000001d98657c600, 0x000001d98657cac8]
Event: 5416.037 Thread 0x000001d9a1613800 nmethod 2739 0x000001d986c55290 code [0x000001d986c554e0, 0x000001d986c56b20]
Event: 5430.996 Thread 0x000001d9a162c000 2741   !   4       com.alibaba.fastjson.parser.deserializer.MapDeserializer::createMap (304 bytes)
Event: 5431.004 Thread 0x000001d9a162c000 nmethod 2741 0x000001d9867b9c90 code [0x000001d9867b9e40, 0x000001d9867ba3e8]
Event: 5435.987 Thread 0x000001d9a1613800 2742       4       org.apache.rocketmq.logging.InnerLoggerFactory$MessageFormatter::arrayFormat (294 bytes)

GC Heap History (4 events):
Event: 1.352 GC heap before
{Heap before GC invocations=1 (full 0):
 PSYoungGen      total 76288K, used 65536K [0x000000076b400000, 0x0000000770900000, 0x00000007c0000000)
  eden space 65536K, 100% used [0x000000076b400000,0x000000076f400000,0x000000076f400000)
  from space 10752K, 0% used [0x000000076fe80000,0x000000076fe80000,0x0000000770900000)
  to   space 10752K, 0% used [0x000000076f400000,0x000000076f400000,0x000000076fe80000)
 ParOldGen       total 175104K, used 0K [0x00000006c1c00000, 0x00000006cc700000, 0x000000076b400000)
  object space 175104K, 0% used [0x00000006c1c00000,0x00000006c1c00000,0x00000006cc700000)
 Metaspace       used 13064K, capacity 13212K, committed 13312K, reserved 1060864K
  class space    used 1475K, capacity 1527K, committed 1536K, reserved 1048576K
Event: 1.361 GC heap after
Heap after GC invocations=1 (full 0):
 PSYoungGen      total 76288K, used 8274K [0x000000076b400000, 0x0000000770900000, 0x00000007c0000000)
  eden space 65536K, 0% used [0x000000076b400000,0x000000076b400000,0x000000076f400000)
  from space 10752K, 76% used [0x000000076f400000,0x000000076fc14bc0,0x000000076fe80000)
  to   space 10752K, 0% used [0x000000076fe80000,0x000000076fe80000,0x0000000770900000)
 ParOldGen       total 175104K, used 16K [0x00000006c1c00000, 0x00000006cc700000, 0x000000076b400000)
  object space 175104K, 0% used [0x00000006c1c00000,0x00000006c1c04000,0x00000006cc700000)
 Metaspace       used 13064K, capacity 13212K, committed 13312K, reserved 1060864K
  class space    used 1475K, capacity 1527K, committed 1536K, reserved 1048576K
}
Event: 3050.987 GC heap before
{Heap before GC invocations=2 (full 0):
 PSYoungGen      total 76288K, used 73810K [0x000000076b400000, 0x0000000770900000, 0x00000007c0000000)
  eden space 65536K, 100% used [0x000000076b400000,0x000000076f400000,0x000000076f400000)
  from space 10752K, 76% used [0x000000076f400000,0x000000076fc14bc0,0x000000076fe80000)
  to   space 10752K, 0% used [0x000000076fe80000,0x000000076fe80000,0x0000000770900000)
 ParOldGen       total 175104K, used 16K [0x00000006c1c00000, 0x00000006cc700000, 0x000000076b400000)
  object space 175104K, 0% used [0x00000006c1c00000,0x00000006c1c04000,0x00000006cc700000)
 Metaspace       used 14994K, capacity 15202K, committed 15488K, reserved 1062912K
  class space    used 1544K, capacity 1571K, committed 1664K, reserved 1048576K
Event: 3051.010 GC heap after
Heap after GC invocations=2 (full 0):
 PSYoungGen      total 76288K, used 8856K [0x000000076b400000, 0x0000000770900000, 0x00000007c0000000)
  eden space 65536K, 0% used [0x000000076b400000,0x000000076b400000,0x000000076f400000)
  from space 10752K, 82% used [0x000000076fe80000,0x0000000770726050,0x0000000770900000)
  to   space 10752K, 0% used [0x000000076f400000,0x000000076f400000,0x000000076fe80000)
 ParOldGen       total 175104K, used 40K [0x00000006c1c00000, 0x00000006cc700000, 0x000000076b400000)
  object space 175104K, 0% used [0x00000006c1c00000,0x00000006c1c0a000,0x00000006cc700000)
 Metaspace       used 14994K, capacity 15202K, committed 15488K, reserved 1062912K
  class space    used 1544K, capacity 1571K, committed 1664K, reserved 1048576K
}

Deoptimization events (10 events):
Event: 1.244 Thread 0x000001d9a2145000 Uncommon trap: reason=unstable_if action=reinterpret pc=0x000001d986635940 method=java.lang.String.lastIndexOf([CII[CIII)I @ 66
Event: 1.373 Thread 0x000001d9a2145000 Uncommon trap: reason=range_check action=make_not_entrant pc=0x000001d986677dd0 method=sun.reflect.generics.parser.SignatureParser.current()C @ 34
Event: 1774.212 Thread 0x000001d9a20b2800 Uncommon trap: reason=unstable_if action=reinterpret pc=0x000001d986a34ee0 method=io.netty.util.internal.shaded.org.jctools.queues.BaseMpscLinkedArrayQueue.poll()Ljava/lang/Object; @ 43
Event: 2382.031 Thread 0x000001d9a20b2800 Uncommon trap: reason=predicate action=maybe_recompile pc=0x000001d9866efe08 method=java.util.Arrays.fill([Ljava/lang/Object;IILjava/lang/Object;)V @ 16
Event: 2442.045 Thread 0x000001d9a20b2800 Uncommon trap: reason=array_check action=maybe_recompile pc=0x000001d986b91e7c method=java.util.Arrays.fill([Ljava/lang/Object;IILjava/lang/Object;)V @ 20
Event: 2442.047 Thread 0x000001d9a20b2800 Uncommon trap: reason=array_check action=maybe_recompile pc=0x000001d986b91e7c method=java.util.Arrays.fill([Ljava/lang/Object;IILjava/lang/Object;)V @ 20
Event: 2454.385 Thread 0x000001d9a20b2800 Uncommon trap: reason=array_check action=maybe_recompile pc=0x000001d986b91e7c method=java.util.Arrays.fill([Ljava/lang/Object;IILjava/lang/Object;)V @ 20
Event: 2460.996 Thread 0x000001d9a20b2800 Uncommon trap: reason=array_check action=maybe_recompile pc=0x000001d986b91e7c method=java.util.Arrays.fill([Ljava/lang/Object;IILjava/lang/Object;)V @ 20
Event: 3054.544 Thread 0x000001d9a20b2800 Uncommon trap: reason=unstable_if action=reinterpret pc=0x000001d986a44c24 method=com.intellij.rt.debugger.agent.CaptureStorage.processQueue()V @ 11
Event: 4362.413 Thread 0x000001d9a20b2800 Uncommon trap: reason=unstable_if action=reinterpret pc=0x000001d986c34b18 method=sun.nio.ch.WindowsSelectorImpl.doSelect(J)I @ 28

Classes redefined (0 events):
No events

Internal exceptions (10 events):
Event: 1.186 Thread 0x000001d9a20b2800 Exception <a 'java/lang/ArrayIndexOutOfBoundsException'> (0x000000076e646cb0) thrown at [C:\jenkins\workspace\8-2-build-windows-amd64-cygwin\jdk8u261\295\hotspot\src\share\vm\runtime\sharedRuntime.cpp, line 605]
Event: 1.187 Thread 0x000001d9a20b2800 Exception <a 'java/lang/ArrayIndexOutOfBoundsException'> (0x000000076e648d88) thrown at [C:\jenkins\workspace\8-2-build-windows-amd64-cygwin\jdk8u261\295\hotspot\src\share\vm\runtime\sharedRuntime.cpp, line 605]
Event: 1.187 Thread 0x000001d9a20b2800 Exception <a 'java/lang/ArrayIndexOutOfBoundsException'> (0x000000076e64ea20) thrown at [C:\jenkins\workspace\8-2-build-windows-amd64-cygwin\jdk8u261\295\hotspot\src\share\vm\runtime\sharedRuntime.cpp, line 605]
Event: 1.194 Thread 0x000001d9a20b2800 Exception <a 'java/lang/ArrayIndexOutOfBoundsException'> (0x000000076e6f31b0) thrown at [C:\jenkins\workspace\8-2-build-windows-amd64-cygwin\jdk8u261\295\hotspot\src\share\vm\runtime\sharedRuntime.cpp, line 605]
Event: 1.194 Thread 0x000001d9a20b2800 Exception <a 'java/lang/ArrayIndexOutOfBoundsException'> (0x000000076e6f4318) thrown at [C:\jenkins\workspace\8-2-build-windows-amd64-cygwin\jdk8u261\295\hotspot\src\share\vm\runtime\sharedRuntime.cpp, line 605]
Event: 1.317 Thread 0x000001d9a2145000 Exception <a 'java/lang/ArrayIndexOutOfBoundsException'> (0x000000076f1daa88) thrown at [C:\jenkins\workspace\8-2-build-windows-amd64-cygwin\jdk8u261\295\hotspot\src\share\vm\runtime\sharedRuntime.cpp, line 605]
Event: 1.317 Thread 0x000001d9a2145000 Exception <a 'java/lang/ArrayIndexOutOfBoundsException'> (0x000000076f1de328) thrown at [C:\jenkins\workspace\8-2-build-windows-amd64-cygwin\jdk8u261\295\hotspot\src\share\vm\runtime\sharedRuntime.cpp, line 605]
Event: 1.333 Thread 0x000001d9a2145000 Exception <a 'java/lang/ArrayIndexOutOfBoundsException'> (0x000000076f2ba770) thrown at [C:\jenkins\workspace\8-2-build-windows-amd64-cygwin\jdk8u261\295\hotspot\src\share\vm\runtime\sharedRuntime.cpp, line 605]
Event: 1.373 Thread 0x000001d9a2145000 Exception <a 'java/lang/ArrayIndexOutOfBoundsException': 60> (0x000000076b467810) thrown at [C:\jenkins\workspace\8-2-build-windows-amd64-cygwin\jdk8u261\295\hotspot\src\share\vm\interpreter\interpreterRuntime.cpp, line 368]
Event: 1.375 Thread 0x000001d9a2145000 Exception <a 'java/lang/ArrayIndexOutOfBoundsException': 60> (0x000000076b490078) thrown at [C:\jenkins\workspace\8-2-build-windows-amd64-cygwin\jdk8u261\295\hotspot\src\share\vm\interpreter\interpreterRuntime.cpp, line 368]

Events (10 events):
Event: 4890.963 Thread 0x000001d9a1613800 flushing nmethod 0x000001d986760350
Event: 4890.963 Thread 0x000001d9a1613800 flushing nmethod 0x000001d986763010
Event: 4890.963 Thread 0x000001d9a1613800 flushing nmethod 0x000001d98676a3d0
Event: 4910.952 Thread 0x000001d9a162c000 flushing nmethod 0x000001d9867aa190
Event: 4910.952 Thread 0x000001d9a162c000 flushing nmethod 0x000001d9867b2a50
Event: 4910.953 Thread 0x000001d9a162c000 flushing nmethod 0x000001d9867ea850
Event: 4921.053 Thread 0x000001d9a1613800 flushing nmethod 0x000001d98686c550
Event: 4940.989 Thread 0x000001d9a1613800 flushing nmethod 0x000001d986a34c90
Event: 5431.004 Thread 0x000001d9a162c000 flushing nmethod 0x000001d98648ab90
Event: 5431.004 Thread 0x000001d9a162c000 flushing nmethod 0x000001d98648f0d0


Dynamic libraries:
0x00007ff7623b0000 - 0x00007ff7623f7000 	E:\util\jdk\bin\java.exe
0x00007ff8848e0000 - 0x00007ff884ad0000 	C:\Windows\SYSTEM32\ntdll.dll
0x00007ff883b00000 - 0x00007ff883bb2000 	C:\Windows\System32\KERNEL32.DLL
0x00007ff881bc0000 - 0x00007ff881e63000 	C:\Windows\System32\KERNELBASE.dll
0x00007ff8847f0000 - 0x00007ff884893000 	C:\Windows\System32\ADVAPI32.dll
0x00007ff8841a0000 - 0x00007ff88423e000 	C:\Windows\System32\msvcrt.dll
0x00007ff883c50000 - 0x00007ff883ce7000 	C:\Windows\System32\sechost.dll
0x00007ff883e50000 - 0x00007ff883f70000 	C:\Windows\System32\RPCRT4.dll
0x00007ff884650000 - 0x00007ff8847e4000 	C:\Windows\System32\USER32.dll
0x00007ff882940000 - 0x00007ff882961000 	C:\Windows\System32\win32u.dll
0x00007ff8833b0000 - 0x00007ff8833d6000 	C:\Windows\System32\GDI32.dll
0x00007ff881a20000 - 0x00007ff881bb4000 	C:\Windows\System32\gdi32full.dll
0x00007ff8818d0000 - 0x00007ff88196e000 	C:\Windows\System32\msvcp_win.dll
0x00007ff882640000 - 0x00007ff88273a000 	C:\Windows\System32\ucrtbase.dll
0x00007ff873690000 - 0x00007ff873915000 	C:\Windows\WinSxS\amd64_microsoft.windows.common-controls_6595b64144ccf1df_6.0.18362.418_none_e6c6b287130d565d\COMCTL32.dll
0x00007ff884310000 - 0x00007ff884646000 	C:\Windows\System32\combase.dll
0x00007ff8828c0000 - 0x00007ff882940000 	C:\Windows\System32\bcryptPrimitives.dll
0x00007ff883a60000 - 0x00007ff883a8e000 	C:\Windows\System32\IMM32.DLL
0x00007ff864960000 - 0x00007ff864975000 	E:\util\jdk\jre\bin\vcruntime140.dll
0x00007ff864300000 - 0x00007ff86439b000 	E:\util\jdk\jre\bin\msvcp140.dll
0x0000000059c50000 - 0x000000005a4bc000 	E:\util\jdk\jre\bin\server\jvm.dll
0x00007ff8838c0000 - 0x00007ff8838c8000 	C:\Windows\System32\PSAPI.DLL
0x00007ff871300000 - 0x00007ff871309000 	C:\Windows\SYSTEM32\WSOCK32.dll
0x00007ff87e8d0000 - 0x00007ff87e8f4000 	C:\Windows\SYSTEM32\WINMM.dll
0x00007ff87c6f0000 - 0x00007ff87c6fa000 	C:\Windows\SYSTEM32\VERSION.dll
0x00007ff883a90000 - 0x00007ff883aff000 	C:\Windows\System32\WS2_32.dll
0x00007ff87e530000 - 0x00007ff87e55d000 	C:\Windows\SYSTEM32\WINMMBASE.dll
0x00007ff8825f0000 - 0x00007ff88263a000 	C:\Windows\System32\cfgmgr32.dll
0x00007ff8817c0000 - 0x00007ff8817d1000 	C:\Windows\System32\kernel.appcore.dll
0x00007ff863b10000 - 0x00007ff863b20000 	E:\util\jdk\jre\bin\verify.dll
0x00007ff863a50000 - 0x00007ff863a7b000 	E:\util\jdk\jre\bin\java.dll
0x00007ff863a90000 - 0x00007ff863ac6000 	E:\util\jdk\jre\bin\jdwp.dll
0x00007ff870ec0000 - 0x00007ff870ec9000 	E:\util\jdk\jre\bin\npt.dll
0x00007ff859620000 - 0x00007ff859652000 	E:\util\jdk\jre\bin\instrument.dll
0x00007ff863950000 - 0x00007ff863968000 	E:\util\jdk\jre\bin\zip.dll
0x00007ff882cc0000 - 0x00007ff8833a5000 	C:\Windows\System32\SHELL32.dll
0x00007ff883950000 - 0x00007ff8839f9000 	C:\Windows\System32\shcore.dll
0x00007ff881e70000 - 0x00007ff8825ef000 	C:\Windows\System32\windows.storage.dll
0x00007ff881830000 - 0x00007ff88184f000 	C:\Windows\System32\profapi.dll
0x00007ff8817e0000 - 0x00007ff88182a000 	C:\Windows\System32\powrprof.dll
0x00007ff8817b0000 - 0x00007ff8817c0000 	C:\Windows\System32\UMPDC.dll
0x00007ff883a00000 - 0x00007ff883a52000 	C:\Windows\System32\shlwapi.dll
0x00007ff882970000 - 0x00007ff882987000 	C:\Windows\System32\cryptsp.dll
0x00007ff870eb0000 - 0x00007ff870eba000 	E:\util\jdk\jre\bin\dt_socket.dll
0x00007ff881020000 - 0x00007ff881087000 	C:\Windows\system32\mswsock.dll
0x00007ff8612b0000 - 0x00007ff8612cc000 	E:\util\jdk\jre\bin\net.dll
0x00007ff880d30000 - 0x00007ff880d6a000 	C:\Windows\SYSTEM32\IPHLPAPI.DLL
0x00007ff883c40000 - 0x00007ff883c48000 	C:\Windows\System32\NSI.dll
0x00007ff87c080000 - 0x00007ff87c096000 	C:\Windows\SYSTEM32\dhcpcsvc6.DLL
0x00007ff87cc60000 - 0x00007ff87cc7c000 	C:\Windows\SYSTEM32\dhcpcsvc.DLL
0x00007ff880d70000 - 0x00007ff880e3a000 	C:\Windows\SYSTEM32\DNSAPI.dll
0x00007ff86d530000 - 0x00007ff86d546000 	C:\Windows\system32\napinsp.dll
0x00007ff8658d0000 - 0x00007ff8658ea000 	C:\Windows\system32\pnrpnsp.dll
0x00007ff86f810000 - 0x00007ff86f81e000 	C:\Windows\System32\winrnr.dll
0x00007ff87e080000 - 0x00007ff87e09c000 	C:\Windows\system32\NLAapi.dll
0x00007ff86ff40000 - 0x00007ff86ff55000 	C:\Windows\system32\wshbth.dll
0x00007ff875290000 - 0x00007ff87529a000 	C:\Windows\System32\rasadhlp.dll
0x00007ff87bee0000 - 0x00007ff87bf57000 	C:\Windows\System32\fwpuclnt.dll
0x00007ff882890000 - 0x00007ff8828b6000 	C:\Windows\System32\bcrypt.dll
0x00007ff85e9d0000 - 0x00007ff85e9dd000 	E:\util\jdk\jre\bin\management.dll
0x00007ff860d20000 - 0x00007ff860d33000 	E:\util\jdk\jre\bin\nio.dll
0x00007ff880b30000 - 0x00007ff880b63000 	C:\Windows\system32\rsaenh.dll
0x00007ff8816d0000 - 0x00007ff8816f5000 	C:\Windows\SYSTEM32\USERENV.dll
0x00007ff8811f0000 - 0x00007ff8811fc000 	C:\Windows\SYSTEM32\CRYPTBASE.dll

VM Arguments:
jvm_args: -agentlib:jdwp=transport=dt_socket,address=127.0.0.1:52547,suspend=y,server=n -javaagent:E:\util\ideaIU-2019.3.5.win\plugins\java\lib\rt\debugger-agent.jar -Dfile.encoding=UTF-8 
java_command: com.example.rocket.consumer.Consumer2
java_class_path (initial): E:\util\jdk\jre\lib\charsets.jar;E:\util\jdk\jre\lib\deploy.jar;E:\util\jdk\jre\lib\ext\access-bridge-64.jar;E:\util\jdk\jre\lib\ext\cldrdata.jar;E:\util\jdk\jre\lib\ext\dnsns.jar;E:\util\jdk\jre\lib\ext\jaccess.jar;E:\util\jdk\jre\lib\ext\jfxrt.jar;E:\util\jdk\jre\lib\ext\localedata.jar;E:\util\jdk\jre\lib\ext\nashorn.jar;E:\util\jdk\jre\lib\ext\sunec.jar;E:\util\jdk\jre\lib\ext\sunjce_provider.jar;E:\util\jdk\jre\lib\ext\sunmscapi.jar;E:\util\jdk\jre\lib\ext\sunpkcs11.jar;E:\util\jdk\jre\lib\ext\zipfs.jar;E:\util\jdk\jre\lib\javaws.jar;E:\util\jdk\jre\lib\jce.jar;E:\util\jdk\jre\lib\jfr.jar;E:\util\jdk\jre\lib\jfxswt.jar;E:\util\jdk\jre\lib\jsse.jar;E:\util\jdk\jre\lib\management-agent.jar;E:\util\jdk\jre\lib\plugin.jar;E:\util\jdk\jre\lib\resources.jar;E:\util\jdk\jre\lib\rt.jar;D:\project\rocket\target\classes;E:\niubolib\org\springframework\boot\spring-boot-starter-web\2.4.1\spring-boot-starter-web-2.4.1.jar;E:\niubolib\org\springframework\boot\spring-boot-starter\2.4.1\spring-boot-starter-2.4.1.jar;E:\niubolib\org\springframework\boot\spring-boot\2.4.1\spring-boot-2.4.1.jar;E:\niubolib\org\springframework\boot\spring-boot-autoconfigure\2.4.1\spring-boot-autoconfigure-2.4.1.jar;E:\niubolib\org\springframework\boot\spring-boot-starter-logging\2.4.1\spring-boot-starter-logging-2.4.1.jar;E:\niubolib\ch\qos\logback\logback-classic\1.2.3\logback-classic-1.2.3.jar;E:\niubolib\ch\qos\logback\logback-core\1.2.3\logback-core-1.2.3.jar;E:\niubolib\org\apache\logging\log4j\log4j-to-slf4j\2.13.3\log4j-to-slf4j-2.13.3.jar;E:\niubolib\org\apache\logging\log4j\log4j-api\2.13.3\log4j-api-2.13.3.jar;E:\niubolib\org\slf4j\jul-to-slf4j\1.7.30\jul-to-slf4j-1.7.30.jar;E:\niubolib\jakarta\annotation\jakarta.annotation-api\1.3.5\jakarta.annotation-api-1.3.5.jar;E:\niubolib\org\yaml\snakeyaml\1.27\snakeyaml-1.27.jar;E:\niubolib\org\springframework\boot\spring-boot-starter-json\2.4.1\spring-boot-starter-json-2.4.1.jar;E:\niubolib\com\fasterxml\jackson\core\
Launcher Type: SUN_STANDARD

Environment Variables:
JAVA_HOME=E:\util\jdk
CLASSPATH=E:\util\jdk\lib\dt.jar;E:\util\jdk\lib\tools.jar
PATH=F:\XShell\;C:\Program Files (x86)\Common Files\Oracle\Java\javapath;C:\Windows\system32;C:\Windows;C:\Windows\System32\Wbem;C:\Windows\System32\WindowsPowerShell\v1.0\;C:\Windows\System32\OpenSSH\;C:\Program Files\Git\cmd;E:\util\jdk\bin;E:\util\jdk\jre\bin;C:\Program Files\TortoiseGit\bin;E:\util\apache-maven-3.6.3-bin\apache-maven-3.6.3\bin;E:\erl-23.1\bin;E:\util\scala\bin;E:\util\scala\bin;C:\Users\zy\AppData\Local\Microsoft\WindowsApps;;E:\util\Microsoft VS Code\bin
USERNAME=zy
OS=Windows_NT
PROCESSOR_IDENTIFIER=Intel64 Family 6 Model 94 Stepping 3, GenuineIntel



---------------  S Y S T E M  ---------------

OS: Windows 10.0 , 64 bit Build 18362 (10.0.18362.329)

CPU:total 8 (initial active 8) (4 cores per cpu, 2 threads per core) family 6 model 94 stepping 3, cmov, cx8, fxsr, mmx, sse, sse2, sse3, ssse3, sse4.1, sse4.2, popcnt, avx, avx2, aes, clmul, erms, rtm, 3dnowpref, lzcnt, ht, tsc, tscinvbit, bmi1, bmi2, adx

Memory: 4k page, physical 16661320k(6989480k free), swap 21904200k(5128k free)

vm_info: Java HotSpot(TM) 64-Bit Server VM (25.261-b12) for windows-amd64 JRE (1.8.0_261-b12), built on Jun 18 2020 06:56:32 by "" with unknown MS VC++:1916

time: Tue Jan  5 18:37:47 2021
timezone: ?D1¨²¡À¨º¡Á?¨º¡À??
elapsed time: 5436 seconds (0d 1h 30m 36s)

