JvmtiExport can_access_local_variables 1
JvmtiExport can_hotswap_or_post_breakpoint 1
JvmtiExport can_post_on_exceptions 1
# 171 ciObject found
instanceKlass sun/misc/FormattedFloatingDecimal$2
instanceKlass sun/misc/FormattedFloatingDecimal
instanceKlass org/apache/rocketmq/common/stats/StatsSnapshot
instanceKlass org/apache/rocketmq/common/stats/CallSnapshot
instanceKlass org/apache/rocketmq/client/impl/consumer/ConsumeMessageConcurrentlyService$4
instanceKlass java/util/Formattable
instanceKlass org/apache/rocketmq/client/consumer/listener/ConsumeConcurrentlyContext
instanceKlass org/apache/rocketmq/client/impl/consumer/ConsumeMessageConcurrentlyService$ConsumeRequest
instanceKlass org/apache/rocketmq/common/message/MessageAccessor
instanceKlass org/apache/rocketmq/common/message/MessageDecoder
instanceKlass org/apache/rocketmq/common/protocol/header/PullMessageResponseHeader
instanceKlass io/netty/util/concurrent/DefaultPromise$1
instanceKlass org/apache/rocketmq/remoting/netty/NettyRemotingAbstract$5
instanceKlass org/apache/rocketmq/common/protocol/header/UpdateConsumerOffsetRequestHeader
instanceKlass org/apache/rocketmq/client/producer/RequestFutureTable
instanceKlass java/lang/Throwable$PrintStreamOrWriter
instanceKlass org/apache/rocketmq/client/impl/consumer/PullMessageService$2
instanceKlass org/apache/rocketmq/common/help/FAQUrl
instanceKlass org/apache/rocketmq/remoting/netty/NettyRemotingAbstract$2
instanceKlass org/apache/rocketmq/remoting/netty/NettyRemotingAbstract$4
instanceKlass org/apache/rocketmq/remoting/common/SemaphoreReleaseOnlyOnce
instanceKlass org/apache/rocketmq/client/impl/MQClientAPIImpl$2
instanceKlass org/apache/rocketmq/client/impl/MQClientAPIImpl$3
instanceKlass org/apache/rocketmq/common/protocol/header/PullMessageRequestHeader
instanceKlass org/apache/rocketmq/common/sysflag/PullSysFlag
instanceKlass org/apache/rocketmq/client/impl/consumer/DefaultMQPushConsumerImpl$1
instanceKlass org/apache/rocketmq/client/impl/consumer/PullRequest
instanceKlass org/apache/rocketmq/common/protocol/header/QueryConsumerOffsetResponseHeader
instanceKlass org/apache/rocketmq/common/protocol/header/QueryConsumerOffsetRequestHeader
instanceKlass org/apache/rocketmq/client/impl/FindBrokerResult
instanceKlass org/apache/rocketmq/client/consumer/store/RemoteBrokerOffsetStore$1
instanceKlass org/apache/rocketmq/client/impl/consumer/RebalancePushImpl$2
instanceKlass java/util/concurrent/locks/ReentrantReadWriteLock$WriteLock
instanceKlass java/util/concurrent/locks/ReentrantReadWriteLock$ReadLock
instanceKlass java/util/concurrent/locks/ReentrantReadWriteLock
instanceKlass org/apache/rocketmq/client/impl/consumer/ProcessQueue
instanceKlass org/apache/rocketmq/common/protocol/header/NotifyConsumerIdsChangedRequestHeader
instanceKlass org/apache/rocketmq/remoting/netty/NettyRemotingAbstract$1$1
instanceKlass org/apache/rocketmq/common/protocol/header/GetConsumerListByGroupRequestHeader
instanceKlass org/apache/rocketmq/client/impl/consumer/RebalanceImpl$1
instanceKlass org/apache/rocketmq/remoting/netty/RequestTask
instanceKlass org/apache/rocketmq/remoting/netty/RemotingResponseCallback
instanceKlass org/apache/rocketmq/remoting/netty/NettyRemotingAbstract$1
instanceKlass org/apache/rocketmq/common/filter/ExpressionType
instanceKlass org/apache/rocketmq/common/message/MessageQueue
instanceKlass org/apache/rocketmq/common/constant/PermName
instanceKlass org/apache/rocketmq/common/protocol/route/QueueData
instanceKlass org/apache/rocketmq/common/protocol/route/BrokerData
instanceKlass org/apache/rocketmq/remoting/netty/NettyRemotingAbstract$6
instanceKlass com/alibaba/fastjson/parser/DefaultJSONParser$ResolveTask
instanceKlass com/alibaba/fastjson/parser/deserializer/ASMDeserializerFactory$Context
instanceKlass javax/xml/bind/annotation/XmlAccessorType
instanceKlass com/alibaba/fastjson/parser/deserializer/EnumDeserializer
instanceKlass sun/reflect/generics/tree/VoidDescriptor
instanceKlass com/alibaba/fastjson/parser/deserializer/PropertyProcessable
instanceKlass java/lang/reflect/WildcardType
instanceKlass org/apache/rocketmq/remoting/protocol/RemotingCommand$1
instanceKlass io/netty/buffer/PooledSlicedByteBuf$1
instanceKlass io/netty/buffer/UnpooledByteBufAllocator$UnpooledByteBufAllocatorMetric
instanceKlass io/netty/buffer/Unpooled
instanceKlass io/netty/handler/codec/CodecOutputList$CodecOutputLists
instanceKlass io/netty/handler/codec/CodecOutputList$1
instanceKlass io/netty/handler/codec/CodecOutputList$CodecOutputListRecycler
instanceKlass io/netty/channel/AbstractChannelHandlerContext$7
instanceKlass io/netty/channel/DefaultMaxMessagesRecvByteBufAllocator$MaxMessageHandle$1
instanceKlass io/netty/util/UncheckedBooleanSupplier
instanceKlass io/netty/util/BooleanSupplier
instanceKlass io/netty/channel/DefaultMaxMessagesRecvByteBufAllocator$MaxMessageHandle
instanceKlass io/netty/channel/RecvByteBufAllocator$ExtendedHandle
instanceKlass io/netty/util/internal/PromiseNotificationUtil
instanceKlass io/netty/buffer/PoolThreadCache$MemoryRegionCache$Entry
instanceKlass io/netty/buffer/PoolThreadCache$1
instanceKlass io/netty/util/Recycler$WeakOrderQueue$Head
instanceKlass io/netty/channel/ChannelOutboundBuffer$Entry$1
instanceKlass io/netty/buffer/UnsafeByteBufUtil
instanceKlass com/alibaba/fastjson/serializer/EnumSerializer
instanceKlass com/alibaba/fastjson/serializer/FieldSerializer
instanceKlass com/alibaba/fastjson/asm/Label
instanceKlass com/alibaba/fastjson/serializer/ASMSerializerFactory$Context
instanceKlass com/alibaba/fastjson/asm/Type
instanceKlass com/alibaba/fastjson/asm/MethodWriter
instanceKlass com/alibaba/fastjson/asm/FieldWriter
instanceKlass com/alibaba/fastjson/asm/Item
instanceKlass com/alibaba/fastjson/asm/ByteVector
instanceKlass com/alibaba/fastjson/asm/ClassWriter
instanceKlass java/util/ComparableTimSort
instanceKlass java/util/Arrays$LegacyMergeSort
instanceKlass sun/reflect/generics/tree/TypeVariableSignature
instanceKlass sun/reflect/generics/tree/MethodTypeSignature
instanceKlass java/beans/Transient
instanceKlass com/alibaba/fastjson/annotation/JSONField
instanceKlass com/alibaba/fastjson/parser/deserializer/JSONPDeserializer
instanceKlass com/alibaba/fastjson/parser/deserializer/StackTraceElementDeserializer
instanceKlass com/alibaba/fastjson/serializer/CharArrayCodec
instanceKlass com/alibaba/fastjson/parser/deserializer/NumberDeserializer
instanceKlass com/alibaba/fastjson/parser/deserializer/JavaObjectDeserializer
instanceKlass com/alibaba/fastjson/parser/deserializer/MapDeserializer
instanceKlass com/alibaba/fastjson/parser/deserializer/TimeDeserializer
instanceKlass com/alibaba/fastjson/parser/deserializer/ContextObjectDeserializer
instanceKlass com/alibaba/fastjson/parser/deserializer/ASMDeserializerFactory
instanceKlass java/util/DualPivotQuicksort
